<?xml version="1.0" encoding="UTF-8"?>
<!-- Generated by org.testng.reporters.JUnitReportReporter -->
<testsuite ignored="0" hostname="LAPTOP-9D2H4QRD" failures="0" tests="1" name="Com.Cen.TestCases.User_Login" time="27.380" errors="0" timestamp="27 May 2021 16:42:01 GMT" skipped="0">
  <testcase classname="Com.Cen.TestCases.User_Login" name="LoginTest" time="27.380"/>
</testsuite> <!-- Com.Cen.TestCases.User_Login -->
